2026-03-23 09:39:53.577 [HikariPool-1 housekeeper] WARN  com.zaxxer.hikari.pool.HikariPool - HikariPool-1 - Thread starvation or clock leap detected (housekeeper delta=1d12h17m30s765ms807µs).
2026-03-23 10:10:00.174 [HikariPool-1 housekeeper] WARN  com.zaxxer.hikari.pool.HikariPool - HikariPool-1 - Thread starvation or clock leap detected (housekeeper delta=12m37s963ms171µs300ns).
2026-03-23 11:17:45.299 [http-nio-8082-exec-1] INFO  o.a.c.core.ContainerBase.[Tomcat].[localhost].[/] - Initializing Spring DispatcherServlet 'dispatcherServlet'
2026-03-23 11:17:45.307 [http-nio-8082-exec-1] INFO  org.springframework.web.servlet.DispatcherServlet - Initializing Servlet 'dispatcherServlet'
2026-03-23 11:17:45.326 [http-nio-8082-exec-1] INFO  org.springframework.web.servlet.DispatcherServlet - Completed initialization in 19 ms
2026-03-23 11:17:45.644 [http-nio-8082-exec-6] ERROR com.hms.security.config.SecurityConfig - Unauthorized error at /api/v1/billings: Full authentication is required to access this resource
2026-03-23 11:17:45.644 [http-nio-8082-exec-5] ERROR com.hms.security.config.SecurityConfig - Unauthorized error at /api/v1/patients/all: Full authentication is required to access this resource
2026-03-23 11:17:45.663 [http-nio-8082-exec-6] WARN  com.hms.common.exception.GlobalExceptionHandler - Authentication failed: Full authentication is required to access this resource
2026-03-23 11:17:45.663 [http-nio-8082-exec-5] WARN  com.hms.common.exception.GlobalExceptionHandler - Authentication failed: Full authentication is required to access this resource
2026-03-23 11:17:46.061 [http-nio-8082-exec-8] ERROR com.hms.common.exception.GlobalExceptionHandler - Unexpected error occurred at /api/v1/auth/logout
com.hms.user.exception.UserNotFoundException: User not found
	at com.hms.auth.AuthService.lambda$logout$3(AuthService.java:98)
	at java.base/java.util.Optional.orElseThrow(Optional.java:403)
	at com.hms.auth.AuthService.logout(AuthService.java:98)
	at java.base/jdk.internal.reflect.DirectMethodHandleAccessor.invoke(DirectMethodHandleAccessor.java:103)
	at java.base/java.lang.reflect.Method.invoke(Method.java:580)
	at org.springframework.aop.support.AopUtils.invokeJoinpointUsingReflection(AopUtils.java:355)
	at org.springframework.aop.framework.ReflectiveMethodInvocation.invokeJoinpoint(ReflectiveMethodInvocation.java:196)
	at org.springframework.aop.framework.ReflectiveMethodInvocation.proceed(ReflectiveMethodInvocation.java:163)
	at org.springframework.aop.framework.CglibAopProxy$CglibMethodInvocation.proceed(CglibAopProxy.java:768)
	at org.springframework.transaction.interceptor.TransactionAspectSupport.invokeWithinTransaction(TransactionAspectSupport.java:379)
	at org.springframework.transaction.interceptor.TransactionInterceptor.invoke(TransactionInterceptor.java:119)
	at org.springframework.aop.framework.ReflectiveMethodInvocation.proceed(ReflectiveMethodInvocation.java:184)
	at org.springframework.aop.framework.CglibAopProxy$CglibMethodInvocation.proceed(CglibAopProxy.java:768)
	at org.springframework.aop.framework.CglibAopProxy$DynamicAdvisedInterceptor.intercept(CglibAopProxy.java:720)
	at com.hms.auth.AuthService$$SpringCGLIB$$0.logout(<generated>)
	at com.hms.auth.AuthController.logout(AuthController.java:45)
	at java.base/jdk.internal.reflect.DirectMethodHandleAccessor.invoke(DirectMethodHandleAccessor.java:103)
	at java.base/java.lang.reflect.Method.invoke(Method.java:580)
	at org.springframework.web.method.support.InvocableHandlerMethod.doInvoke(InvocableHandlerMethod.java:255)
	at org.springframework.web.method.support.InvocableHandlerMethod.invokeForRequest(InvocableHandlerMethod.java:188)
	at org.springframework.web.servlet.mvc.method.annotation.ServletInvocableHandlerMethod.invokeAndHandle(ServletInvocableHandlerMethod.java:118)
	at org.springframework.web.servlet.mvc.method.annotation.RequestMappingHandlerAdapter.invokeHandlerMethod(RequestMappingHandlerAdapter.java:926)
	at org.springframework.web.servlet.mvc.method.annotation.RequestMappingHandlerAdapter.handleInternal(RequestMappingHandlerAdapter.java:831)
	at org.springframework.web.servlet.mvc.method.AbstractHandlerMethodAdapter.handle(AbstractHandlerMethodAdapter.java:87)
	at org.springframework.web.servlet.DispatcherServlet.doDispatch(DispatcherServlet.java:1089)
	at org.springframework.web.servlet.DispatcherServlet.doService(DispatcherServlet.java:979)
	at org.springframework.web.servlet.FrameworkServlet.processRequest(FrameworkServlet.java:1014)
	at org.springframework.web.servlet.FrameworkServlet.doPost(FrameworkServlet.java:914)
	at jakarta.servlet.http.HttpServlet.service(HttpServlet.java:590)
	at org.springframework.web.servlet.FrameworkServlet.service(FrameworkServlet.java:885)
	at jakarta.servlet.http.HttpServlet.service(HttpServlet.java:658)
	at org.apache.catalina.core.ApplicationFilterChain.internalDoFilter(ApplicationFilterChain.java:195)
	at org.apache.catalina.core.ApplicationFilterChain.doFilter(ApplicationFilterChain.java:140)
	at org.apache.tomcat.websocket.server.WsFilter.doFilter(WsFilter.java:51)
	at org.apache.catalina.core.ApplicationFilterChain.internalDoFilter(ApplicationFilterChain.java:164)
	at org.apache.catalina.core.ApplicationFilterChain.doFilter(ApplicationFilterChain.java:140)
	at org.springframework.web.filter.OncePerRequestFilter.doFilter(OncePerRequestFilter.java:110)
	at org.apache.catalina.core.ApplicationFilterChain.internalDoFilter(ApplicationFilterChain.java:164)
	at org.apache.catalina.core.ApplicationFilterChain.doFilter(ApplicationFilterChain.java:140)
	at org.springframework.web.filter.CompositeFilter$VirtualFilterChain.doFilter(CompositeFilter.java:108)
	at org.springframework.security.web.FilterChainProxy.lambda$doFilterInternal$3(FilterChainProxy.java:231)
	at org.springframework.security.web.FilterChainProxy$VirtualFilterChain.doFilter(FilterChainProxy.java:365)
	at org.springframework.security.web.access.intercept.AuthorizationFilter.doFilter(AuthorizationFilter.java:100)
	at org.springframework.security.web.FilterChainProxy$VirtualFilterChain.doFilter(FilterChainProxy.java:374)
	at org.springframework.security.web.access.ExceptionTranslationFilter.doFilter(ExceptionTranslationFilter.java:126)
	at org.springframework.security.web.access.ExceptionTranslationFilter.doFilter(ExceptionTranslationFilter.java:120)
	at org.springframework.security.web.FilterChainProxy$VirtualFilterChain.doFilter(FilterChainProxy.java:374)
	at org.springframework.security.web.session.SessionManagementFilter.doFilter(SessionManagementFilter.java:131)
	at org.springframework.security.web.session.SessionManagementFilter.doFilter(SessionManagementFilter.java:85)
	at org.springframework.security.web.FilterChainProxy$VirtualFilterChain.doFilter(FilterChainProxy.java:374)
	at org.springframework.security.web.authentication.AnonymousAuthenticationFilter.doFilter(AnonymousAuthenticationFilter.java:100)
	at org.springframework.security.web.FilterChainProxy$VirtualFilterChain.doFilter(FilterChainProxy.java:374)
	at org.springframework.security.web.servletapi.SecurityContextHolderAwareRequestFilter.doFilter(SecurityContextHolderAwareRequestFilter.java:179)
	at org.springframework.security.web.FilterChainProxy$VirtualFilterChain.doFilter(FilterChainProxy.java:374)
	at org.springframework.security.web.savedrequest.RequestCacheAwareFilter.doFilter(RequestCacheAwareFilter.java:63)
	at org.springframework.security.web.FilterChainProxy$VirtualFilterChain.doFilter(FilterChainProxy.java:374)
	at com.hms.security.jwt.JwtAuthenticationFilter.doFilterInternal(JwtAuthenticationFilter.java:46)
	at org.springframework.web.filter.OncePerRequestFilter.doFilter(OncePerRequestFilter.java:116)
	at org.springframework.security.web.FilterChainProxy$VirtualFilterChain.doFilter(FilterChainProxy.java:374)
	at org.springframework.security.web.authentication.logout.LogoutFilter.doFilter(LogoutFilter.java:107)
	at org.springframework.security.web.authentication.logout.LogoutFilter.doFilter(LogoutFilter.java:93)
	at org.springframework.security.web.FilterChainProxy$VirtualFilterChain.doFilter(FilterChainProxy.java:374)
	at org.springframework.web.filter.CorsFilter.doFilterInternal(CorsFilter.java:91)
	at org.springframework.web.filter.OncePerRequestFilter.doFilter(OncePerRequestFilter.java:116)
	at org.springframework.security.web.FilterChainProxy$VirtualFilterChain.doFilter(FilterChainProxy.java:374)
	at org.springframework.security.web.header.HeaderWriterFilter.doHeadersAfter(HeaderWriterFilter.java:90)
	at org.springframework.security.web.header.HeaderWriterFilter.doFilterInternal(HeaderWriterFilter.java:75)
	at org.springframework.web.filter.OncePerRequestFilter.doFilter(OncePerRequestFilter.java:116)
	at org.springframework.security.web.FilterChainProxy$VirtualFilterChain.doFilter(FilterChainProxy.java:374)
	at org.springframework.security.web.context.SecurityContextHolderFilter.doFilter(SecurityContextHolderFilter.java:82)
	at org.springframework.security.web.context.SecurityContextHolderFilter.doFilter(SecurityContextHolderFilter.java:69)
	at org.springframework.security.web.FilterChainProxy$VirtualFilterChain.doFilter(FilterChainProxy.java:374)
	at org.springframework.security.web.context.request.async.WebAsyncManagerIntegrationFilter.doFilterInternal(WebAsyncManagerIntegrationFilter.java:62)
	at org.springframework.web.filter.OncePerRequestFilter.doFilter(OncePerRequestFilter.java:116)
	at org.springframework.security.web.FilterChainProxy$VirtualFilterChain.doFilter(FilterChainProxy.java:374)
	at org.springframework.security.web.session.DisableEncodeUrlFilter.doFilterInternal(DisableEncodeUrlFilter.java:42)
	at org.springframework.web.filter.OncePerRequestFilter.doFilter(OncePerRequestFilter.java:116)
	at org.springframework.security.web.FilterChainProxy$VirtualFilterChain.doFilter(FilterChainProxy.java:374)
	at org.springframework.security.web.FilterChainProxy.doFilterInternal(FilterChainProxy.java:233)
	at org.springframework.security.web.FilterChainProxy.doFilter(FilterChainProxy.java:191)
	at org.springframework.web.filter.CompositeFilter$VirtualFilterChain.doFilter(CompositeFilter.java:113)
	at org.springframework.web.servlet.handler.HandlerMappingIntrospector.lambda$createCacheFilter$3(HandlerMappingIntrospector.java:195)
	at org.springframework.web.filter.CompositeFilter$VirtualFilterChain.doFilter(CompositeFilter.java:113)
	at org.springframework.web.filter.CompositeFilter.doFilter(CompositeFilter.java:74)
	at org.springframework.security.config.annotation.web.configuration.WebMvcSecurityConfiguration$CompositeFilterChainProxy.doFilter(WebMvcSecurityConfiguration.java:230)
	at org.springframework.web.filter.DelegatingFilterProxy.invokeDelegate(DelegatingFilterProxy.java:352)
	at org.springframework.web.filter.DelegatingFilterProxy.doFilter(DelegatingFilterProxy.java:268)
	at org.apache.catalina.core.ApplicationFilterChain.internalDoFilter(ApplicationFilterChain.java:164)
	at org.apache.catalina.core.ApplicationFilterChain.doFilter(ApplicationFilterChain.java:140)
	at org.springframework.web.filter.RequestContextFilter.doFilterInternal(RequestContextFilter.java:100)
	at org.springframework.web.filter.OncePerRequestFilter.doFilter(OncePerRequestFilter.java:116)
	at org.apache.catalina.core.ApplicationFilterChain.internalDoFilter(ApplicationFilterChain.java:164)
	at org.apache.catalina.core.ApplicationFilterChain.doFilter(ApplicationFilterChain.java:140)
	at org.springframework.web.filter.FormContentFilter.doFilterInternal(FormContentFilter.java:93)
	at org.springframework.web.filter.OncePerRequestFilter.doFilter(OncePerRequestFilter.java:116)
	at org.apache.catalina.core.ApplicationFilterChain.internalDoFilter(ApplicationFilterChain.java:164)
	at org.apache.catalina.core.ApplicationFilterChain.doFilter(ApplicationFilterChain.java:140)
	at org.springframework.web.filter.CharacterEncodingFilter.doFilterInternal(CharacterEncodingFilter.java:201)
	at org.springframework.web.filter.OncePerRequestFilter.doFilter(OncePerRequestFilter.java:116)
	at org.apache.catalina.core.ApplicationFilterChain.internalDoFilter(ApplicationFilterChain.java:164)
	at org.apache.catalina.core.ApplicationFilterChain.doFilter(ApplicationFilterChain.java:140)
	at org.apache.catalina.core.StandardWrapperValve.invoke(StandardWrapperValve.java:167)
	at org.apache.catalina.core.StandardContextValve.invoke(StandardContextValve.java:90)
	at org.apache.catalina.authenticator.AuthenticatorBase.invoke(AuthenticatorBase.java:483)
	at org.apache.catalina.core.StandardHostValve.invoke(StandardHostValve.java:115)
	at org.apache.catalina.valves.ErrorReportValve.invoke(ErrorReportValve.java:93)
	at org.apache.catalina.core.StandardEngineValve.invoke(StandardEngineValve.java:74)
	at org.apache.catalina.connector.CoyoteAdapter.service(CoyoteAdapter.java:344)
	at org.apache.coyote.http11.Http11Processor.service(Http11Processor.java:384)
	at org.apache.coyote.AbstractProcessorLight.process(AbstractProcessorLight.java:63)
	at org.apache.coyote.AbstractProtocol$ConnectionHandler.process(AbstractProtocol.java:905)
	at org.apache.tomcat.util.net.NioEndpoint$SocketProcessor.doRun(NioEndpoint.java:1741)
	at org.apache.tomcat.util.net.SocketProcessorBase.run(SocketProcessorBase.java:52)
	at org.apache.tomcat.util.threads.ThreadPoolExecutor.runWorker(ThreadPoolExecutor.java:1190)
	at org.apache.tomcat.util.threads.ThreadPoolExecutor$Worker.run(ThreadPoolExecutor.java:659)
	at org.apache.tomcat.util.threads.TaskThread$WrappingRunnable.run(TaskThread.java:63)
	at java.base/java.lang.Thread.run(Thread.java:1583)
2026-03-23 11:17:47.777 [http-nio-8082-exec-2] ERROR com.hms.security.config.SecurityConfig - Unauthorized error at /api/v1/billings: Full authentication is required to access this resource
2026-03-23 11:17:47.777 [http-nio-8082-exec-2] WARN  com.hms.common.exception.GlobalExceptionHandler - Authentication failed: Full authentication is required to access this resource
2026-03-23 11:17:47.792 [http-nio-8082-exec-7] ERROR com.hms.security.config.SecurityConfig - Unauthorized error at /api/v1/patients/all: Full authentication is required to access this resource
2026-03-23 11:17:47.792 [http-nio-8082-exec-7] WARN  com.hms.common.exception.GlobalExceptionHandler - Authentication failed: Full authentication is required to access this resource
2026-03-23 11:35:03.787 [http-nio-8082-exec-6] DEBUG com.hms.security.jwt.JwtAuthenticationFilter - Authenticating user: recep
2026-03-23 11:35:03.860 [http-nio-8082-exec-6] DEBUG com.hms.security.jwt.JwtAuthenticationFilter - User token version in DB: 12, in token: 12
2026-03-23 11:35:03.864 [http-nio-8082-exec-6] DEBUG com.hms.security.jwt.JwtAuthenticationFilter - User authorities: [ROLE_RECEPTIONIST]
2026-03-23 11:35:03.865 [http-nio-8082-exec-6] INFO  com.hms.security.jwt.JwtAuthenticationFilter - User recep authenticated successfully via JWT with authorities: [ROLE_RECEPTIONIST]
2026-03-23 11:35:48.716 [http-nio-8082-exec-5] DEBUG com.hms.security.jwt.JwtAuthenticationFilter - Authenticating user: recep
2026-03-23 11:35:48.716 [http-nio-8082-exec-4] DEBUG com.hms.security.jwt.JwtAuthenticationFilter - Authenticating user: recep
2026-03-23 11:35:48.728 [http-nio-8082-exec-5] DEBUG com.hms.security.jwt.JwtAuthenticationFilter - User token version in DB: 12, in token: 12
2026-03-23 11:35:48.731 [http-nio-8082-exec-4] DEBUG com.hms.security.jwt.JwtAuthenticationFilter - User token version in DB: 12, in token: 12
2026-03-23 11:35:48.734 [http-nio-8082-exec-5] DEBUG com.hms.security.jwt.JwtAuthenticationFilter - User authorities: [ROLE_RECEPTIONIST]
2026-03-23 11:35:48.734 [http-nio-8082-exec-5] INFO  com.hms.security.jwt.JwtAuthenticationFilter - User recep authenticated successfully via JWT with authorities: [ROLE_RECEPTIONIST]
2026-03-23 11:35:48.734 [http-nio-8082-exec-4] DEBUG com.hms.security.jwt.JwtAuthenticationFilter - User authorities: [ROLE_RECEPTIONIST]
2026-03-23 11:35:48.738 [http-nio-8082-exec-4] INFO  com.hms.security.jwt.JwtAuthenticationFilter - User recep authenticated successfully via JWT with authorities: [ROLE_RECEPTIONIST]
2026-03-23 11:35:50.084 [http-nio-8082-exec-2] DEBUG com.hms.security.jwt.JwtAuthenticationFilter - Authenticating user: recep
2026-03-23 11:35:50.093 [http-nio-8082-exec-2] DEBUG com.hms.security.jwt.JwtAuthenticationFilter - User token version in DB: 12, in token: 12
2026-03-23 11:35:50.098 [http-nio-8082-exec-2] DEBUG com.hms.security.jwt.JwtAuthenticationFilter - User authorities: [ROLE_RECEPTIONIST]
2026-03-23 11:35:50.099 [http-nio-8082-exec-2] INFO  com.hms.security.jwt.JwtAuthenticationFilter - User recep authenticated successfully via JWT with authorities: [ROLE_RECEPTIONIST]
2026-03-23 11:35:51.931 [http-nio-8082-exec-10] DEBUG com.hms.security.jwt.JwtAuthenticationFilter - Authenticating user: recep
2026-03-23 11:35:51.937 [http-nio-8082-exec-10] DEBUG com.hms.security.jwt.JwtAuthenticationFilter - User token version in DB: 12, in token: 12
2026-03-23 11:35:51.942 [http-nio-8082-exec-10] DEBUG com.hms.security.jwt.JwtAuthenticationFilter - User authorities: [ROLE_RECEPTIONIST]
2026-03-23 11:35:51.942 [http-nio-8082-exec-10] INFO  com.hms.security.jwt.JwtAuthenticationFilter - User recep authenticated successfully via JWT with authorities: [ROLE_RECEPTIONIST]
2026-03-23 11:35:52.015 [http-nio-8082-exec-3] DEBUG com.hms.security.jwt.JwtAuthenticationFilter - Authenticating user: recep
2026-03-23 11:35:52.024 [http-nio-8082-exec-3] DEBUG com.hms.security.jwt.JwtAuthenticationFilter - User token version in DB: 12, in token: 12
2026-03-23 11:35:52.027 [http-nio-8082-exec-3] DEBUG com.hms.security.jwt.JwtAuthenticationFilter - User authorities: [ROLE_RECEPTIONIST]
2026-03-23 11:35:52.027 [http-nio-8082-exec-3] INFO  com.hms.security.jwt.JwtAuthenticationFilter - User recep authenticated successfully via JWT with authorities: [ROLE_RECEPTIONIST]
2026-03-23 11:35:52.775 [http-nio-8082-exec-1] DEBUG com.hms.security.jwt.JwtAuthenticationFilter - Authenticating user: recep
2026-03-23 11:35:52.800 [http-nio-8082-exec-1] DEBUG com.hms.security.jwt.JwtAuthenticationFilter - User token version in DB: 12, in token: 12
2026-03-23 11:35:52.807 [http-nio-8082-exec-1] DEBUG com.hms.security.jwt.JwtAuthenticationFilter - User authorities: [ROLE_RECEPTIONIST]
2026-03-23 11:35:52.807 [http-nio-8082-exec-1] INFO  com.hms.security.jwt.JwtAuthenticationFilter - User recep authenticated successfully via JWT with authorities: [ROLE_RECEPTIONIST]
2026-03-23 11:35:53.775 [http-nio-8082-exec-6] DEBUG com.hms.security.jwt.JwtAuthenticationFilter - Authenticating user: recep
2026-03-23 11:35:53.779 [http-nio-8082-exec-6] DEBUG com.hms.security.jwt.JwtAuthenticationFilter - User token version in DB: 12, in token: 12
2026-03-23 11:35:53.782 [http-nio-8082-exec-6] DEBUG com.hms.security.jwt.JwtAuthenticationFilter - User authorities: [ROLE_RECEPTIONIST]
2026-03-23 11:35:53.783 [http-nio-8082-exec-6] INFO  com.hms.security.jwt.JwtAuthenticationFilter - User recep authenticated successfully via JWT with authorities: [ROLE_RECEPTIONIST]
2026-03-23 11:35:53.800 [http-nio-8082-exec-4] DEBUG com.hms.security.jwt.JwtAuthenticationFilter - Authenticating user: recep
2026-03-23 11:35:53.807 [http-nio-8082-exec-4] DEBUG com.hms.security.jwt.JwtAuthenticationFilter - User token version in DB: 12, in token: 12
2026-03-23 11:35:53.811 [http-nio-8082-exec-4] DEBUG com.hms.security.jwt.JwtAuthenticationFilter - User authorities: [ROLE_RECEPTIONIST]
2026-03-23 11:35:53.811 [http-nio-8082-exec-4] INFO  com.hms.security.jwt.JwtAuthenticationFilter - User recep authenticated successfully via JWT with authorities: [ROLE_RECEPTIONIST]
